<?xml version="1.0" encoding="UTF-8"?>
<testsuite name="io.columnar.query.MaterializationCacheSmokeTest" tests="2" skipped="0" failures="0" errors="0" timestamp="2026-05-16T05:06:55.578Z" hostname="Mac.localdomain" time="0.051">
  <properties/>
  <testcase name="versionBumpRefreshesCacheEntryKeepingSlotCount()" classname="io.columnar.query.MaterializationCacheSmokeTest" time="0.049"/>
  <testcase name="entriesAreStableAcrossIdenticalReads()" classname="io.columnar.query.MaterializationCacheSmokeTest" time="0.001"/>
  <system-out><![CDATA[]]></system-out>
  <system-err><![CDATA[]]></system-err>
</testsuite>
