<?xml version="1.0" encoding="UTF-8"?>
<testsuite name="io.columnar.query.MaterializationCacheSmokeTest" tests="2" skipped="0" failures="0" errors="0" timestamp="2026-06-27T00:36:57.663Z" hostname="Mac.localdomain" time="0.045">
  <properties/>
  <testcase name="versionBumpRefreshesCacheEntryKeepingSlotCount()" classname="io.columnar.query.MaterializationCacheSmokeTest" time="0.044"/>
  <testcase name="entriesAreStableAcrossIdenticalReads()" classname="io.columnar.query.MaterializationCacheSmokeTest" time="0.0"/>
  <system-out><![CDATA[]]></system-out>
  <system-err><![CDATA[]]></system-err>
</testsuite>
