<?xml version="1.0" encoding="UTF-8"?>
<testsuite name="io.columnar.engine.LargePivotTest" tests="2" skipped="0" failures="0" errors="0" timestamp="2026-05-16T05:06:55.682Z" hostname="Mac.localdomain" time="0.135">
  <properties/>
  <testcase name="pivotViewportProjectsToSubsetOfPivotColumns()" classname="io.columnar.engine.LargePivotTest" time="0.004"/>
  <testcase name="onMillionRowsAcrossTwentyPivotKeys()" classname="io.columnar.engine.LargePivotTest" time="0.131"/>
  <system-out><![CDATA[LargePivotTest: build 1000000 rows took 106ms; pivot cold 21ms, warm 0ms
# | region | cat0              | cat1              | cat2              | cat3               | cat4              | cat5              | cat6              | cat7              | cat8              | ...
  | STRING | DOUBLE            | DOUBLE            | DOUBLE            | DOUBLE             | DOUBLE            | DOUBLE            | DOUBLE            | DOUBLE            | DOUBLE            | ...
--+--------+-------------------+-------------------+-------------------+--------------------+-------------------+-------------------+-------------------+-------------------+-------------------+----
0 | EU     | 5020576.480956219 | 4937022.076176894 | 4951384.51819973  | 5067959.73893163   | 4943516.710263853 | 4915499.855324482 | 4967798.66397091  | 4955788.238178697 | 4939987.963848315 | ...
1 | LATAM  | 5023263.982578083 | 4967615.406407074 | 5039961.963401013 | 4961423.0869194055 | 4953376.143336984 | 4963027.89086726  | 4957509.784147456 | 5113592.508968139 | 4997922.485672852 | ...
2 | APAC   | 5038608.102181778 | 5071036.888509903 | 4971806.807314096 | 4900471.368896957  | 5005019.693264949 | 5075549.579939698 | 5025239.344808819 | 5037416.89622918  | 4985557.477651474 | ...
3 | AFRICA | 4981334.833525617 | 5060740.177447843 | 5071704.056793577 | 5065687.2417159015 | 5077676.596977088 | 5127099.160462411 | 4981519.309703462 | 4961707.007234324 | 4972737.375776868 | ...
4 | US     | 4972957.830535766 | 4966059.678323956 | 4943517.051475384 | 4937676.794542392  | 5061056.111986739 | 5040055.737833251 | 4919425.490976086 | 5112514.479053705 | 5072178.427948838 | ...
[5 rows × 21 columns, showing first 10, version=0]
]]></system-out>
  <system-err><![CDATA[]]></system-err>
</testsuite>
