<?xml version="1.0" encoding="UTF-8"?>
<testsuite name="io.columnar.engine.FilterOracleConsistencyProperty" tests="1" skipped="0" failures="0" errors="0" timestamp="2026-06-27T00:36:57.965Z" hostname="Mac.localdomain" time="0.185">
  <properties/>
  <testcase name="handwrittenDoubleGtMatchesExprPipeline" classname="io.columnar.engine.FilterOracleConsistencyProperty" time="0.185"/>
  <system-out><![CDATA[timestamp = 2026-06-26T20:36:58.149424, FilterOracleConsistencyProperty:handwrittenDoubleGtMatchesExprPipeline = 
                              |-----------------------jqwik-----------------------
tries = 1000                  | # of calls to property
checks = 1000                 | # of not rejected calls
generation = RANDOMIZED       | parameters are randomly generated
after-failure = SAMPLE_FIRST  | try previously failed sample, then previous seed
when-fixed-seed = ALLOW       | fixing the random seed is allowed
edge-cases#mode = MIXIN       | edge cases are mixed in
edge-cases#total = 9          | # of all combined edge cases
edge-cases#tried = 9          | # of edge cases tried in current run
seed = -7930948525222125553   | random seed to reproduce generated values


]]></system-out>
  <system-err><![CDATA[]]></system-err>
</testsuite>
