<?xml version="1.0" encoding="UTF-8"?>
<testsuite name="io.columnar.engine.FilterOracleConsistencyProperty" tests="1" skipped="0" failures="0" errors="0" timestamp="2026-05-16T05:06:55.841Z" hostname="Mac.localdomain" time="0.218">
  <properties/>
  <testcase name="handwrittenDoubleGtMatchesExprPipeline" classname="io.columnar.engine.FilterOracleConsistencyProperty" time="0.218"/>
  <system-out><![CDATA[timestamp = 2026-05-16T01:06:56.055193, FilterOracleConsistencyProperty:handwrittenDoubleGtMatchesExprPipeline = 
                              |-----------------------jqwik-----------------------
tries = 1000                  | # of calls to property
checks = 1000                 | # of not rejected calls
generation = RANDOMIZED       | parameters are randomly generated
after-failure = SAMPLE_FIRST  | try previously failed sample, then previous seed
when-fixed-seed = ALLOW       | fixing the random seed is allowed
edge-cases#mode = MIXIN       | edge cases are mixed in
edge-cases#total = 9          | # of all combined edge cases
edge-cases#tried = 9          | # of edge cases tried in current run
seed = 5728131423977882614    | random seed to reproduce generated values


]]></system-out>
  <system-err><![CDATA[]]></system-err>
</testsuite>
