<?xml version="1.0" encoding="UTF-8"?>
<testsuite name="io.columnar.core.ValidityTest" tests="6" skipped="0" failures="0" errors="0" timestamp="2026-06-27T00:36:00.562Z" hostname="Mac.localdomain" time="0.003">
  <properties/>
  <testcase name="boundsCheckedOnAccess()" classname="io.columnar.core.ValidityTest" time="0.001"/>
  <testcase name="rejectsNegativeSize()" classname="io.columnar.core.ValidityTest" time="0.0"/>
  <testcase name="crossesWordBoundaries()" classname="io.columnar.core.ValidityTest" time="0.001"/>
  <testcase name="allNullStartsWithEverythingNull()" classname="io.columnar.core.ValidityTest" time="0.0"/>
  <testcase name="allValidStartsWithNoNulls()" classname="io.columnar.core.ValidityTest" time="0.0"/>
  <testcase name="setNullThenSetValidTracksCount()" classname="io.columnar.core.ValidityTest" time="0.0"/>
  <system-out><![CDATA[]]></system-out>
  <system-err><![CDATA[]]></system-err>
</testsuite>
