<?xml version="1.0" encoding="UTF-8"?>
<testsuite name="io.columnar.core.PrettyTest" tests="4" skipped="0" failures="0" errors="0" timestamp="2026-05-16T05:04:51.802Z" hostname="Mac.localdomain" time="0.03">
  <properties/>
  <testcase name="truncatesLongTablesWithFooter()" classname="io.columnar.core.PrettyTest" time="0.023"/>
  <testcase name="rendersNullsAsWord()" classname="io.columnar.core.PrettyTest" time="0.001"/>
  <testcase name="formatsBasicSlice()" classname="io.columnar.core.PrettyTest" time="0.003"/>
  <testcase name="formatColumnOnly()" classname="io.columnar.core.PrettyTest" time="0.0"/>
  <system-out><![CDATA[# | id   | symbol | price 
  | LONG | STRING | DOUBLE
--+------+--------+-------
0 | 1    | AAPL   | 220.13
1 | 2    | MSFT   | 410.5 
2 | 3    | GOOG   | 175.2 
[3 rows × 3 columns, version=0]

]]></system-out>
  <system-err><![CDATA[]]></system-err>
</testsuite>
